# JRE version: OpenJDK Runtime Environment Homebrew (11.0.25) (build 11.0.25+0)
# Java VM: OpenJDK 64-Bit Server VM Homebrew (11.0.25+0, mixed mode, tiered, compressed oops, g1 gc, bsd-aarch64)
Heap:
 garbage-first heap   total 293888K, used 263384K [0x0000000780000000, 0x00000007c0000000)
  region size 1024K, 166 young (169984K), 1 survivors (1024K)
 Metaspace       used 118694K, capacity 124591K, committed 124656K, reserved 1153024K
  class space    used 17218K, capacity 20197K, committed 20208K, reserved 1048576K
GC Heap History (20 events):
Event: 9.163 GC heap before
{Heap before GC invocations=221 (full 0):
 garbage-first heap   total 293888K, used 261331K [0x0000000780000000, 0x00000007c0000000)
  region size 1024K, 167 young (171008K), 2 survivors (2048K)
 Metaspace       used 118680K, capacity 124586K, committed 124656K, reserved 1153024K
  class space    used 17217K, capacity 20196K, committed 20208K, reserved 1048576K
}
Event: 9.163 GC heap after
{Heap after GC invocations=222 (full 0):
 garbage-first heap   total 293888K, used 92367K [0x0000000780000000, 0x00000007c0000000)
  region size 1024K, 2 young (2048K), 2 survivors (2048K)
 Metaspace       used 118680K, capacity 124586K, committed 124656K, reserved 1153024K
  class space    used 17217K, capacity 20196K, committed 20208K, reserved 1048576K
}
Event: 9.189 GC heap before
{Heap before GC invocations=222 (full 0):
 garbage-first heap   total 293888K, used 260303K [0x0000000780000000, 0x00000007c0000000)
  region size 1024K, 167 young (171008K), 2 survivors (2048K)
 Metaspace       used 118680K, capacity 124586K, committed 124656K, reserved 1153024K
  class space    used 17217K, capacity 20196K, committed 20208K, reserved 1048576K
}
Event: 9.190 GC heap after
{Heap after GC invocations=223 (full 0):
 garbage-first heap   total 293888K, used 92338K [0x0000000780000000, 0x00000007c0000000)
  region size 1024K, 2 young (2048K), 2 survivors (2048K)
 Metaspace       used 118680K, capacity 124586K, committed 124656K, reserved 1153024K
  class space    used 17217K, capacity 20196K, committed 20208K, reserved 1048576K
}
Event: 9.217 GC heap before
{Heap before GC invocations=223 (full 0):
 garbage-first heap   total 293888K, used 260274K [0x0000000780000000, 0x00000007c0000000)
  region size 1024K, 167 young (171008K), 2 survivors (2048K)
 Metaspace       used 118680K, capacity 124586K, committed 124656K, reserved 1153024K
  class space    used 17217K, capacity 20196K, committed 20208K, reserved 1048576K
}
Event: 9.217 GC heap after
{Heap after GC invocations=224 (full 0):
 garbage-first heap   total 293888K, used 92343K [0x0000000780000000, 0x00000007c0000000)
  region size 1024K, 2 young (2048K), 2 survivors (2048K)
 Metaspace       used 118680K, capacity 124586K, committed 124656K, reserved 1153024K
  class space    used 17217K, capacity 20196K, committed 20208K, reserved 1048576K
}
Event: 9.244 GC heap before
{Heap before GC invocations=224 (full 0):
 garbage-first heap   total 293888K, used 261303K [0x0000000780000000, 0x00000007c0000000)
  region size 1024K, 167 young (171008K), 2 survivors (2048K)
 Metaspace       used 118680K, capacity 124586K, committed 124656K, reserved 1153024K
  class space    used 17217K, capacity 20196K, committed 20208K, reserved 1048576K
}
Event: 9.244 GC heap after
{Heap after GC invocations=225 (full 0):
 garbage-first heap   total 293888K, used 92387K [0x0000000780000000, 0x00000007c0000000)
  region size 1024K, 2 young (2048K), 2 survivors (2048K)
 Metaspace       used 118680K, capacity 124586K, committed 124656K, reserved 1153024K
  class space    used 17217K, capacity 20196K, committed 20208K, reserved 1048576K
}
Event: 9.271 GC heap before
{Heap before GC invocations=225 (full 0):
 garbage-first heap   total 293888K, used 261347K [0x0000000780000000, 0x00000007c0000000)
  region size 1024K, 167 young (171008K), 2 survivors (2048K)
 Metaspace       used 118680K, capacity 124586K, committed 124656K, reserved 1153024K
  class space    used 17217K, capacity 20196K, committed 20208K, reserved 1048576K
}
Event: 9.272 GC heap after
{Heap after GC invocations=226 (full 0):
 garbage-first heap   total 293888K, used 92378K [0x0000000780000000, 0x00000007c0000000)
  region size 1024K, 2 young (2048K), 2 survivors (2048K)
 Metaspace       used 118680K, capacity 124586K, committed 124656K, reserved 1153024K
  class space    used 17217K, capacity 20196K, committed 20208K, reserved 1048576K
}
Event: 9.299 GC heap before
{Heap before GC invocations=226 (full 0):
 garbage-first heap   total 293888K, used 261338K [0x0000000780000000, 0x00000007c0000000)
  region size 1024K, 167 young (171008K), 2 survivors (2048K)
 Metaspace       used 118680K, capacity 124586K, committed 124656K, reserved 1153024K
  class space    used 17217K, capacity 20196K, committed 20208K, reserved 1048576K
}
Event: 9.299 GC heap after
{Heap after GC invocations=227 (full 0):
 garbage-first heap   total 293888K, used 92395K [0x0000000780000000, 0x00000007c0000000)
  region size 1024K, 2 young (2048K), 2 survivors (2048K)
 Metaspace       used 118680K, capacity 124586K, committed 124656K, reserved 1153024K
  class space    used 17217K, capacity 20196K, committed 20208K, reserved 1048576K
}
Event: 9.326 GC heap before
{Heap before GC invocations=227 (full 0):
 garbage-first heap   total 293888K, used 260331K [0x0000000780000000, 0x00000007c0000000)
  region size 1024K, 167 young (171008K), 2 survivors (2048K)
 Metaspace       used 118680K, capacity 124586K, committed 124656K, reserved 1153024K
  class space    used 17217K, capacity 20196K, committed 20208K, reserved 1048576K
}
Event: 9.327 GC heap after
{Heap after GC invocations=228 (full 0):
 garbage-first heap   total 293888K, used 92364K [0x0000000780000000, 0x00000007c0000000)
  region size 1024K, 1 young (1024K), 1 survivors (1024K)
 Metaspace       used 118680K, capacity 124586K, committed 124656K, reserved 1153024K
  class space    used 17217K, capacity 20196K, committed 20208K, reserved 1048576K
}
Event: 9.352 GC heap before
{Heap before GC invocations=228 (full 0):
 garbage-first heap   total 293888K, used 261324K [0x0000000780000000, 0x00000007c0000000)
  region size 1024K, 166 young (169984K), 1 survivors (1024K)
 Metaspace       used 118680K, capacity 124586K, committed 124656K, reserved 1153024K
  class space    used 17217K, capacity 20196K, committed 20208K, reserved 1048576K
}
Event: 9.353 GC heap after
{Heap after GC invocations=229 (full 0):
 garbage-first heap   total 293888K, used 92366K [0x0000000780000000, 0x00000007c0000000)
  region size 1024K, 1 young (1024K), 1 survivors (1024K)
 Metaspace       used 118680K, capacity 124586K, committed 124656K, reserved 1153024K
  class space    used 17217K, capacity 20196K, committed 20208K, reserved 1048576K
}
Event: 9.379 GC heap before
{Heap before GC invocations=229 (full 0):
 garbage-first heap   total 293888K, used 261326K [0x0000000780000000, 0x00000007c0000000)
  region size 1024K, 166 young (169984K), 1 survivors (1024K)
 Metaspace       used 118680K, capacity 124586K, committed 124656K, reserved 1153024K
  class space    used 17217K, capacity 20196K, committed 20208K, reserved 1048576K
}
Event: 9.380 GC heap after
{Heap after GC invocations=230 (full 0):
 garbage-first heap   total 293888K, used 92365K [0x0000000780000000, 0x00000007c0000000)
  region size 1024K, 1 young (1024K), 1 survivors (1024K)
 Metaspace       used 118680K, capacity 124586K, committed 124656K, reserved 1153024K
  class space    used 17217K, capacity 20196K, committed 20208K, reserved 1048576K
}
Event: 9.406 GC heap before
{Heap before GC invocations=230 (full 0):
 garbage-first heap   total 293888K, used 261325K [0x0000000780000000, 0x00000007c0000000)
  region size 1024K, 166 young (169984K), 1 survivors (1024K)
 Metaspace       used 118680K, capacity 124586K, committed 124656K, reserved 1153024K
  class space    used 17217K, capacity 20196K, committed 20208K, reserved 1048576K
}
Event: 9.407 GC heap after
{Heap after GC invocations=231 (full 0):
 garbage-first heap   total 293888K, used 92376K [0x0000000780000000, 0x00000007c0000000)
  region size 1024K, 1 young (1024K), 1 survivors (1024K)
 Metaspace       used 118680K, capacity 124586K, committed 124656K, reserved 1153024K
  class space    used 17217K, capacity 20196K, committed 20208K, reserved 1048576K
}

